<?xml version="1.0" encoding="UTF-8"?>
<testsuite xmlns:xsi="http://www.w3.org/2001/XMLSchema-instance" xsi:noNamespaceSchemaLocation="https://maven.apache.org/surefire/maven-surefire-plugin/xsd/surefire-test-report.xsd" version="3.0.2" name="com.pingpong.chat.ChatApplicationTests" time="4.418" tests="1" errors="0" skipped="0" failures="0">
  <properties>
[...]
</properties>
  <testcase name="contextLoads" classname="com.pingpong.chat.ChatApplicationTests" time="0.806">
    <system-out><![CDATA[11:49:13.992 [main] INFO org.springframework.test.context.support.AnnotationConfigContextLoaderUtils -- Could not detect default configuration classes for test class [com.pingpong.chat.ChatApplicationTests]: ChatApplicationTests does not declare any static, non-private, non-final, nested classes annotated with @Configuration.
11:49:14.121 [main] INFO org.springframework.boot.test.context.SpringBootTestContextBootstrapper -- Found @SpringBootConfiguration com.pingpong.chat.ChatApplication for test class com.pingpong.chat.ChatApplicationTests

  .   ____          _            __ _ _
 /\\ / ___'_ __ _ _(_)_ __  __ _ \ \ \ \
( ( )\___ | '_ | '_| | '_ \/ _` | \ \ \ \
 \\/  ___)| |_)| | | | | || (_| |  ) ) ) )
  '  |____| .__|_| |_|_| |_\__, | / / / /
 =========|_|==============|___/=/_/_/_/

 :: Spring Boot ::                (v3.4.4)

2025-04-24T11:49:14.705+01:00  INFO 3268 --- [           main] com.pingpong.chat.ChatApplicationTests   : Starting ChatApplicationTests using Java 21.0.6 with PID 3268 (started by admin in A:\Akka\chat-app\chat)
2025-04-24T11:49:14.708+01:00  INFO 3268 --- [           main] com.pingpong.chat.ChatApplicationTests   : No active profile set, falling back to 1 default profile: "default"
RoomManagerActor created: akka://Chat-system/user/roomManager
2025-04-24T11:49:16.712+01:00  WARN 3268 --- [           main] .s.s.UserDetailsServiceAutoConfiguration : 

Using generated security password: c2e73f27-477e-4b9d-bd3f-444739e97ec8

This generated password is for development use only. Your security configuration must be updated before running your application in production.

2025-04-24T11:49:16.735+01:00  INFO 3268 --- [           main] r$InitializeUserDetailsManagerConfigurer : Global AuthenticationManager configured with UserDetailsService bean with name inMemoryUserDetailsManager
2025-04-24T11:49:17.408+01:00  INFO 3268 --- [           main] com.pingpong.chat.ChatApplicationTests   : Started ChatApplicationTests in 3.113 seconds (process running for 4.136)
]]></system-out>
    <system-err><![CDATA[Mockito is currently self-attaching to enable the inline-mock-maker. This will no longer work in future releases of the JDK. Please add Mockito as an agent to your build what is described in Mockito's documentation: https://javadoc.io/doc/org.mockito/mockito-core/latest/org/mockito/Mockito.html#0.3
WARNING: A Java agent has been loaded dynamically (C:\Users\admin\.m2\repository\net\bytebuddy\byte-buddy-agent\1.15.11\byte-buddy-agent-1.15.11.jar)
WARNING: If a serviceability tool is in use, please run with -XX:+EnableDynamicAgentLoading to hide this warning
WARNING: If a serviceability tool is not in use, please run with -Djdk.instrument.traceUsage for more information
WARNING: Dynamic loading of agents will be disallowed by default in a future release
]]></system-err>
  </testcase>
</testsuite>